<?xml version="1.0" encoding="UTF-8"?>
<testng-results ignored="0" total="1" passed="1" failed="0" skipped="0">
  <reporter-output>
  </reporter-output>
  <suite started-at="2026-03-13T16:25:54 IST" name="Default suite" finished-at="2026-03-13T16:26:21 IST" duration-ms="26190">
    <groups>
    </groups>
    <test started-at="2026-03-13T16:25:54 IST" name="Default test" finished-at="2026-03-13T16:26:21 IST" duration-ms="26190">
      <class name="CuraTestCases.CuraTestCases">
        <test-method is-config="true" signature="BeforeSuite()[pri:0, instance:CuraTestCases.CuraTestCases@40a4337a]" started-at="2026-03-13T16:25:49 IST" name="BeforeSuite" finished-at="2026-03-13T16:25:54 IST" duration-ms="5257" status="PASS">
          <reporter-output>
          </reporter-output>
        </test-method> <!-- BeforeSuite -->
        <test-method signature="ATTest()[pri:0, instance:CuraTestCases.CuraTestCases@40a4337a]" started-at="2026-03-13T16:25:54 IST" name="ATTest" finished-at="2026-03-13T16:26:21 IST" duration-ms="26152" status="PASS">
          <reporter-output>
          </reporter-output>
        </test-method> <!-- ATTest -->
      </class> <!-- CuraTestCases.CuraTestCases -->
    </test> <!-- Default test -->
  </suite> <!-- Default suite -->
</testng-results>
